<?xml version="1.0" encoding="UTF-8"?>
<!-- Generated by org.testng.reporters.JUnitXMLReporter -->
<testsuite ignored="0" hostname="MAHESH-LAPTOP" failures="2" tests="2" name="Default test" time="19.809" errors="0" timestamp="2024-10-07T17:54:24 IST">
  <testcase classname="io.cucumber.testng.AbstractTestNGCucumberTests" name="runScenario" time="8.917">
    <failure type="java.lang.AssertionError" message="expected [true] but found [false]">
      <![CDATA[java.lang.AssertionError: expected [true] but found [false]
at org.testng.Assert.fail(Assert.java:111)
at org.testng.Assert.failNotEquals(Assert.java:1578)
at org.testng.Assert.assertTrue(Assert.java:57)
at org.testng.Assert.assertTrue(Assert.java:67)
at stepDefinitions.LoginSteps_DDT.user_should_be_redirected_to_the_myaccount_page_by_passing_email_and_password_with_excel_row(LoginSteps_DDT.java:74)
at ✽.User should be redirected to the myaccount page by passing email and password with excel row "1"(file:///C:/Users/Mahesh/eclipse-workspace/Opencart-CucumberFramework/src/test/java/features/login_DDT.feature:5)
]]>
    </failure>
  </testcase> <!-- runScenario -->
  <testcase classname="io.cucumber.testng.AbstractTestNGCucumberTests" name="runScenario" time="6.741">
    <failure type="java.lang.AssertionError" message="expected [true] but found [false]">
      <![CDATA[java.lang.AssertionError: expected [true] but found [false]
at org.testng.Assert.fail(Assert.java:111)
at org.testng.Assert.failNotEquals(Assert.java:1578)
at org.testng.Assert.assertTrue(Assert.java:57)
at org.testng.Assert.assertTrue(Assert.java:67)
at stepDefinitions.LoginSteps_DDT.user_should_be_redirected_to_the_myaccount_page_by_passing_email_and_password_with_excel_row(LoginSteps_DDT.java:64)
at ✽.User should be redirected to the myaccount page by passing email and password with excel row "2"(file:///C:/Users/Mahesh/eclipse-workspace/Opencart-CucumberFramework/src/test/java/features/login_DDT.feature:5)
]]>
    </failure>
  </testcase> <!-- runScenario -->
</testsuite> <!-- Default test -->
