<?xml version="1.0" encoding="UTF-8"?>
<testng-results ignored="0" total="2" passed="2" failed="0" skipped="0">
  <reporter-output>
  </reporter-output>
  <suite started-at="2024-10-06T00:14:15 IST" name="Default suite" finished-at="2024-10-06T00:16:07 IST" duration-ms="112090">
    <groups>
      <group name="cucumber">
        <method signature="AbstractTestNGCucumberTests.runScenario(io.cucumber.testng.PickleWrapper,io.cucumber.testng.FeatureWrapper)[pri:0, instance:testrunner.RunnerClass@6f4a47c7]" name="runScenario" class="io.cucumber.testng.AbstractTestNGCucumberTests"/>
      </group> <!-- cucumber -->
    </groups>
    <test started-at="2024-10-06T00:14:15 IST" name="Default test" finished-at="2024-10-06T00:16:07 IST" duration-ms="112090">
      <class name="testrunner.RunnerClass">
        <test-method is-config="true" signature="setUpClass(org.testng.ITestContext)[pri:0, instance:testrunner.RunnerClass@6f4a47c7]" started-at="2024-10-06T00:14:15 IST" name="setUpClass" finished-at="2024-10-06T00:14:15 IST" duration-ms="734" status="PASS">
          <params>
            <param index="0">
              <value>
                <![CDATA[org.testng.TestRunner@22fb9a2c]]>
              </value>
            </param>
          </params>
          <reporter-output>
          </reporter-output>
        </test-method> <!-- setUpClass -->
        <test-method signature="runScenario(io.cucumber.testng.PickleWrapper,io.cucumber.testng.FeatureWrapper)[pri:0, instance:testrunner.RunnerClass@6f4a47c7]" started-at="2024-10-06T00:14:15 IST" name="runScenario" description="Runs Cucumber Scenarios" data-provider="scenarios" finished-at="2024-10-06T00:15:12 IST" duration-ms="56495" status="PASS">
          <params>
            <param index="0">
              <value>
                <![CDATA["To test login with valid set of credentials"]]>
              </value>
            </param>
            <param index="1">
              <value>
                <![CDATA["User login 2"]]>
              </value>
            </param>
          </params>
          <reporter-output>
          </reporter-output>
        </test-method> <!-- runScenario -->
        <test-method signature="runScenario(io.cucumber.testng.PickleWrapper,io.cucumber.testng.FeatureWrapper)[pri:0, instance:testrunner.RunnerClass@6f4a47c7]" started-at="2024-10-06T00:15:12 IST" name="runScenario" description="Runs Cucumber Scenarios" data-provider="scenarios" finished-at="2024-10-06T00:16:04 IST" duration-ms="52082" status="PASS">
          <params>
            <param index="0">
              <value>
                <![CDATA["To test login with valid set of credentials"]]>
              </value>
            </param>
            <param index="1">
              <value>
                <![CDATA["User login 2"]]>
              </value>
            </param>
          </params>
          <reporter-output>
          </reporter-output>
        </test-method> <!-- runScenario -->
        <test-method is-config="true" signature="tearDownClass()[pri:0, instance:testrunner.RunnerClass@6f4a47c7]" started-at="2024-10-06T00:16:04 IST" name="tearDownClass" finished-at="2024-10-06T00:16:07 IST" duration-ms="2704" status="PASS">
          <reporter-output>
          </reporter-output>
        </test-method> <!-- tearDownClass -->
      </class> <!-- testrunner.RunnerClass -->
    </test> <!-- Default test -->
  </suite> <!-- Default suite -->
</testng-results>
