<?xml version="1.0" encoding="UTF-8"?>
<testng-results ignored="0" total="2" passed="2" failed="0" skipped="0">
  <reporter-output>
  </reporter-output>
  <suite started-at="2024-10-25T13:55:37 IST" name="Default suite" finished-at="2024-10-25T13:56:20 IST" duration-ms="42980">
    <groups>
      <group name="cucumber">
        <method signature="AbstractTestNGCucumberTests.runScenario(io.cucumber.testng.PickleWrapper,io.cucumber.testng.FeatureWrapper)[pri:0, instance:testRunner.TestNGTestRunner@37ceb1df]" name="runScenario" class="io.cucumber.testng.AbstractTestNGCucumberTests"/>
      </group> <!-- cucumber -->
    </groups>
    <test started-at="2024-10-25T13:55:37 IST" name="Default test" finished-at="2024-10-25T13:56:20 IST" duration-ms="42980">
      <class name="testRunner.TestNGTestRunner">
        <test-method is-config="true" signature="setUpClass(org.testng.ITestContext)[pri:0, instance:testRunner.TestNGTestRunner@37ceb1df]" started-at="2024-10-25T13:55:37 IST" name="setUpClass" finished-at="2024-10-25T13:55:39 IST" duration-ms="1395" status="PASS">
          <params>
            <param index="0">
              <value>
                <![CDATA[org.testng.TestRunner@7e27f603]]>
              </value>
            </param>
          </params>
          <reporter-output>
          </reporter-output>
        </test-method> <!-- setUpClass -->
        <test-method signature="runScenario(io.cucumber.testng.PickleWrapper,io.cucumber.testng.FeatureWrapper)[pri:0, instance:testRunner.TestNGTestRunner@37ceb1df]" started-at="2024-10-25T13:55:39 IST" name="runScenario" description="Runs Cucumber Scenarios" data-provider="scenarios" finished-at="2024-10-25T13:56:05 IST" duration-ms="26701" status="PASS">
          <params>
            <param index="0">
              <value>
                <![CDATA["To test login with valid set of credentials"]]>
              </value>
            </param>
            <param index="1">
              <value>
                <![CDATA["User login 2"]]>
              </value>
            </param>
          </params>
          <reporter-output>
          </reporter-output>
        </test-method> <!-- runScenario -->
        <test-method signature="runScenario(io.cucumber.testng.PickleWrapper,io.cucumber.testng.FeatureWrapper)[pri:0, instance:testRunner.TestNGTestRunner@37ceb1df]" started-at="2024-10-25T13:56:05 IST" name="runScenario" description="Runs Cucumber Scenarios" data-provider="scenarios" finished-at="2024-10-25T13:56:12 IST" duration-ms="6704" status="PASS">
          <params>
            <param index="0">
              <value>
                <![CDATA["To test login with valid set of credentials"]]>
              </value>
            </param>
            <param index="1">
              <value>
                <![CDATA["User login 2"]]>
              </value>
            </param>
          </params>
          <reporter-output>
          </reporter-output>
        </test-method> <!-- runScenario -->
        <test-method is-config="true" signature="tearDownClass()[pri:0, instance:testRunner.TestNGTestRunner@37ceb1df]" started-at="2024-10-25T13:56:12 IST" name="tearDownClass" finished-at="2024-10-25T13:56:20 IST" duration-ms="8116" status="PASS">
          <reporter-output>
          </reporter-output>
        </test-method> <!-- tearDownClass -->
      </class> <!-- testRunner.TestNGTestRunner -->
    </test> <!-- Default test -->
  </suite> <!-- Default suite -->
</testng-results>
