<?xml version="1.0" encoding="UTF-8"?>
<!-- Generated by org.testng.reporters.JUnitReportReporter -->
<testsuite hostname="MAHESH-LAPTOP" failures="1" tests="2" name="testRunner.TestRunner" time="94.976" errors="0" timestamp="2024-10-06T20:42:36 IST" skipped="0">
  <testcase classname="testRunner.TestRunner" name="runScenario" time="48.681"/>
  <testcase classname="testRunner.TestRunner" name="runScenario" time="46.295">
    <failure type="java.lang.AssertionError">
      <![CDATA[java.lang.AssertionError
at org.junit.Assert.fail(Assert.java:87)
at org.junit.Assert.assertTrue(Assert.java:42)
at org.junit.Assert.assertTrue(Assert.java:53)
at stepDefinitions.LoginSteps_DDT.user_should_be_redirected_to_the_myaccount_page_by_passing_email_and_password_with_excel_row(LoginSteps_DDT.java:62)
at ✽.User should be redirected to the myaccount page by passing email and password with excel row "2"(file:///C:/Users/Mahesh/eclipse-workspace/Opencart-CucumberFramework/src/test/java/features/login_DDT.feature:5)
]]>
    </failure>
  </testcase> <!-- runScenario -->
</testsuite> <!-- testRunner.TestRunner -->
