<?xml version="1.0" encoding="UTF-8"?>
<!-- Generated by org.testng.reporters.JUnitReportReporter -->
<testsuite hostname="MAHESH-LAPTOP" failures="1" tests="2" name="testrunner.RunnerClass" time="109.537" errors="0" timestamp="2024-10-06T19:17:58 IST" skipped="0">
  <testcase classname="testrunner.RunnerClass" name="runScenario" time="51.460">
    <failure message="expected:&lt;true&gt; but was:&lt;false&gt;" type="java.lang.AssertionError">
      <![CDATA[java.lang.AssertionError: expected:<true> but was:<false>
at org.junit.Assert.fail(Assert.java:89)
at org.junit.Assert.failNotEquals(Assert.java:835)
at org.junit.Assert.assertEquals(Assert.java:120)
at org.junit.Assert.assertEquals(Assert.java:146)
at stepsdefinitions.LoginSteps.user_should_be_redirected_to_myaccount_page(LoginSteps.java:56)
at ✽.User should be redirected to myaccount page(file:///C:/Users/Mahesh/eclipse-workspace/Opencart-CucumberFramework/src/test/java/features/login_2.feature:8)
]]>
    </failure>
  </testcase> <!-- runScenario -->
  <testcase classname="testrunner.RunnerClass" name="runScenario" time="58.077"/>
</testsuite> <!-- testrunner.RunnerClass -->
